Using pre-set license
Built from '2020.3/staging' branch; Version is '2020.3.4f1 (0abb6314276a) revision 703331'; Using compiler version '192528614'; Build Type 'Release'
OS: 'Windows 10 Pro; OS build 19042.928; Version 2009; 64bit' Language: 'en' Physical Memory: 32725 MB
BatchMode: 1, IsHumanControllingUs: 0, StartBugReporterOnCrash: 0, Is64bit: 1, IsPro: 0

 COMMAND LINE ARGUMENTS:
E:\2. Softwares\Unity\2020.3.4f1\Editor\Unity.exe
-adb2
-batchMode
-noUpm
-name
AssetImportWorker0
-projectPath
E:/1. Projects/HYDAC/MR Assembly/HYDAC_MR
-logFile
Logs/AssetImportWorker0.log
-srvPort
52877
Successfully changed project path to: E:/1. Projects/HYDAC/MR Assembly/HYDAC_MR
E:/1. Projects/HYDAC/MR Assembly/HYDAC_MR
Using Asset Import Pipeline V2.
Refreshing native plugins compatible for Editor in 105.66 ms, found 11 plugins.
Preloading 1 native plugins for Editor in 0.94 ms.
Initialize engine version: 2020.3.4f1 (0abb6314276a)
[Subsystems] Discovering subsystems at path E:/2. Softwares/Unity/2020.3.4f1/Editor/Data/Resources/UnitySubsystems
[Subsystems] Discovering subsystems at path E:/1. Projects/HYDAC/MR Assembly/HYDAC_MR/Assets
GfxDevice: creating device client; threaded=0
Direct3D:
    Version:  Direct3D 11.0 [level 11.1]
    Renderer: NVIDIA GeForce GTX 1070 (ID=0x1b81)
    Vendor:   
    VRAM:     8088 MB
    Driver:   27.21.14.6589
Shader 'Oculus/OVRMRCameraFrameLit': fallback shader 'Alpha-Diffuse' not found
Initialize mono
Mono path[0] = 'E:/2. Softwares/Unity/2020.3.4f1/Editor/Data/Managed'
Mono path[1] = 'E:/2. Softwares/Unity/2020.3.4f1/Editor/Data/MonoBleedingEdge/lib/mono/unityjit'
Mono config path = 'E:/2. Softwares/Unity/2020.3.4f1/Editor/Data/MonoBleedingEdge/etc'
Using monoOptions --debugger-agent=transport=dt_socket,embedding=1,server=y,suspend=n,address=127.0.0.1:56592
Begin MonoManager ReloadAssembly
Registering precompiled unity dll's ...
Register platform support module: E:/2. Softwares/Unity/2020.3.4f1/Editor/Data/PlaybackEngines/WebGLSupport/UnityEditor.WebGL.Extensions.dll
Register platform support module: E:/2. Softwares/Unity/2020.3.4f1/Editor/Data/PlaybackEngines/WindowsStandaloneSupport/UnityEditor.WindowsStandalone.Extensions.dll
Registered in 0.004153 seconds.
Native extension for WindowsStandalone target not found
Native extension for WebGL target not found
Refreshing native plugins compatible for Editor in 71.61 ms, found 11 plugins.
Preloading 1 native plugins for Editor in 0.09 ms.
Mono: successfully reloaded assembly
- Completed reload, in  2.115 seconds
Platform modules already initialized, skipping
Registering precompiled user dll's ...
Registered in 0.009710 seconds.
Begin MonoManager ReloadAssembly
Native extension for WindowsStandalone target not found
Native extension for WebGL target not found
Refreshing native plugins compatible for Editor in 72.37 ms, found 11 plugins.
Preloading 1 native plugins for Editor in 0.13 ms.
[XR] OculusXRPlugin: registering subsystems
[XR] Unable to register display lifecyle provider: [1]
[XR] Oculus Input lifecycle provider registered.
[XR] Unable to register input lifecyle provider: [1]
[XR] OVRP version 1.59.0
[XR] Error loading subsystem: Display (1) (header mismatch?)
[XR] [XR Mesh Provider]: RegisterLifecycleProvider.
[XR] [XR Input Provider]: RegisterLifecycleProvider.
Mono: successfully reloaded assembly
- Completed reload, in  2.204 seconds
Platform modules already initialized, skipping
========================================================================
Worker process is ready to serve import requests
Shader 'Oculus/OVRMRCameraFrameLit': fallback shader 'Alpha-Diffuse' not found
Launched and connected shader compiler UnityShaderCompiler.exe after 0.12 seconds
Refreshing native plugins compatible for Editor in 0.91 ms, found 11 plugins.
Preloading 1 native plugins for Editor in 0.09 ms.
Unloading 3697 Unused Serialized files (Serialized files now loaded: 0)
System memory in use before: 164.0 MB.
System memory in use after: 163.5 MB.

Unloading 552 unused Assets to reduce memory usage. Loaded Objects now: 4066.
Total: 4.089400 ms (FindLiveObjects: 0.390200 ms CreateObjectMapping: 0.294800 ms MarkObjects: 2.850200 ms  DeleteObjects: 0.553200 ms)

========================================================================
Received Import Request.
  path: Assets/Oculus
  artifactKey: Guid(413e830a447b4834ebb292dc5ea2224a) Importer(815301076,1909f56bfc062723c751e8b465ee728b)
Start importing Assets/Oculus using Guid(413e830a447b4834ebb292dc5ea2224a) Importer(815301076,1909f56bfc062723c751e8b465ee728b)  -> (artifact id: 'b97737551e4655bed969dc03a1f4b987') in 0.008761 seconds
  Import took 0.013680 seconds .

========================================================================
Received Import Request.
  Time since last request: 0.000160 seconds.
  path: Assets/Oculus/OculusProjectConfig.asset
  artifactKey: Guid(5bc4850dfd5d50c4a9e4194db309b0f2) Importer(815301076,1909f56bfc062723c751e8b465ee728b)
Start importing Assets/Oculus/OculusProjectConfig.asset using Guid(5bc4850dfd5d50c4a9e4194db309b0f2) Importer(815301076,1909f56bfc062723c751e8b465ee728b)  -> (artifact id: 'a7c600db76ebcf15dadbd122b795fddf') in 0.037164 seconds
  Import took 0.041639 seconds .

========================================================================
Received Import Request.
  Time since last request: 23.167820 seconds.
  path: Assets/Oculus/OculusProjectConfig.asset
  artifactKey: Guid(5bc4850dfd5d50c4a9e4194db309b0f2) Importer(815301076,1909f56bfc062723c751e8b465ee728b)
Start importing Assets/Oculus/OculusProjectConfig.asset using Guid(5bc4850dfd5d50c4a9e4194db309b0f2) Importer(815301076,1909f56bfc062723c751e8b465ee728b)  -> (artifact id: 'a985f350131f5ccacab0f81d21aa7a9c') in 0.005176 seconds
  Import took 0.011000 seconds .

========================================================================
Received Prepare
Registering precompiled user dll's ...
Registered in 0.012545 seconds.
Begin MonoManager ReloadAssembly
Native extension for WindowsStandalone target not found
Native extension for WebGL target not found
Refreshing native plugins compatible for Editor in 1.18 ms, found 11 plugins.
Preloading 1 native plugins for Editor in 0.13 ms.
Error when attempting to update scene info fields. Scene info data may be stale.
UnityEngine.StackTraceUtility:ExtractStackTrace ()
UnityEngine.DebugLogHandler:LogFormat (UnityEngine.LogType,UnityEngine.Object,string,object[])
UnityEngine.Logger:Log (UnityEngine.LogType,object)
UnityEngine.Debug:LogWarning (object)
Microsoft.MixedReality.Toolkit.Editor.SceneInfoUtils:RefreshSceneInfoFieldsInScriptableObjects () (at Library/PackageCache/com.microsoft.mixedreality.toolkit.foundation@31d726bb1bbb-1618897758576/Core/Inspectors/PropertyDrawers/SceneInfoUtils.cs:313)
Microsoft.MixedReality.Toolkit.Editor.SceneInfoUtils:InitializeOnLoad () (at Library/PackageCache/com.microsoft.mixedreality.toolkit.foundation@31d726bb1bbb-1618897758576/Core/Inspectors/PropertyDrawers/SceneInfoUtils.cs:231)

(Filename: Library/PackageCache/com.microsoft.mixedreality.toolkit.foundation@31d726bb1bbb-1618897758576/Core/Inspectors/PropertyDrawers/SceneInfoUtils.cs Line: 313)

Mono: successfully reloaded assembly
- Completed reload, in  1.783 seconds
Platform modules already initialized, skipping
Switching build target platform(5) subTarget(0) extendedPlatform(0) -> platform(13) subTarget(524288) extendedPlatform(0)
Shader 'Oculus/OVRMRCameraFrameLit': fallback shader 'Alpha-Diffuse' not found
Refreshing native plugins compatible for Editor in 0.92 ms, found 11 plugins.
Preloading 1 native plugins for Editor in 0.10 ms.
Unloading 3546 Unused Serialized files (Serialized files now loaded: 0)
System memory in use before: 157.3 MB.
System memory in use after: 157.1 MB.

Unloading 114 unused Assets to reduce memory usage. Loaded Objects now: 4070.
Total: 3.378200 ms (FindLiveObjects: 0.522900 ms CreateObjectMapping: 0.292800 ms MarkObjects: 2.439200 ms  DeleteObjects: 0.121900 ms)

AssetImportParameters requested are different than current active one (requested -> active):
  custom:graphics/normal-map-encoding: 01000000000000000000000000000000 -> 02000000000000000000000000000000
========================================================================
Received Prepare
Shader 'Oculus/OVRMRCameraFrameLit': fallback shader 'Alpha-Diffuse' not found
Refreshing native plugins compatible for Editor in 19.21 ms, found 11 plugins.
Preloading 1 native plugins for Editor in 0.11 ms.
Unloading 39 Unused Serialized files (Serialized files now loaded: 0)
System memory in use before: 80.7 MB.
System memory in use after: 80.9 MB.

Unloading 39 unused Assets to reduce memory usage. Loaded Objects now: 4070.
Total: 3.356700 ms (FindLiveObjects: 0.460700 ms CreateObjectMapping: 0.270100 ms MarkObjects: 2.560000 ms  DeleteObjects: 0.064400 ms)

========================================================================
Received Prepare
Shader 'Oculus/OVRMRCameraFrameLit': fallback shader 'Alpha-Diffuse' not found
Refreshing native plugins compatible for Editor in 17.66 ms, found 11 plugins.
Preloading 1 native plugins for Editor in 0.19 ms.
Unloading 39 Unused Serialized files (Serialized files now loaded: 0)
System memory in use before: 80.7 MB.
System memory in use after: 80.9 MB.

Unloading 39 unused Assets to reduce memory usage. Loaded Objects now: 4070.
Total: 3.804400 ms (FindLiveObjects: 0.348900 ms CreateObjectMapping: 0.230300 ms MarkObjects: 3.149300 ms  DeleteObjects: 0.074400 ms)

AssetImportWorkerClient::OnTransportError - code=2 error=End of file
