Using pre-set license
Built from '2020.3/staging' branch; Version is '2020.3.4f1 (0abb6314276a) revision 703331'; Using compiler version '192528614'; Build Type 'Release'
OS: 'Windows 10 Pro; OS build 19042.928; Version 2009; 64bit' Language: 'en' Physical Memory: 32725 MB
BatchMode: 1, IsHumanControllingUs: 0, StartBugReporterOnCrash: 0, Is64bit: 1, IsPro: 0

 COMMAND LINE ARGUMENTS:
E:\2. Softwares\Unity\2020.3.4f1\Editor\Unity.exe
-adb2
-batchMode
-noUpm
-name
AssetImportWorker0
-projectPath
E:/1. Projects/HYDAC/MR Assembly/HYDAC_MR
-logFile
Logs/AssetImportWorker0.log
-srvPort
52377
Successfully changed project path to: E:/1. Projects/HYDAC/MR Assembly/HYDAC_MR
E:/1. Projects/HYDAC/MR Assembly/HYDAC_MR
Using Asset Import Pipeline V2.
Refreshing native plugins compatible for Editor in 252.87 ms, found 20 plugins.
Preloading 2 native plugins for Editor in 1.83 ms.
Initialize engine version: 2020.3.4f1 (0abb6314276a)
[Subsystems] Discovering subsystems at path E:/2. Softwares/Unity/2020.3.4f1/Editor/Data/Resources/UnitySubsystems
[Subsystems] Discovering subsystems at path E:/1. Projects/HYDAC/MR Assembly/HYDAC_MR/Assets
GfxDevice: creating device client; threaded=0
Direct3D:
    Version:  Direct3D 11.0 [level 11.1]
    Renderer: NVIDIA GeForce GTX 1070 (ID=0x1b81)
    Vendor:   
    VRAM:     8088 MB
    Driver:   27.21.14.6611
Shader 'Oculus/OVRMRCameraFrameLit': fallback shader 'Alpha-Diffuse' not found
Shader 'Universal Render Pipeline/Particles/Lit': fallback shader 'Universal Render Pipeline/Particles/SimpleLit' not found
Initialize mono
Mono path[0] = 'E:/2. Softwares/Unity/2020.3.4f1/Editor/Data/Managed'
Mono path[1] = 'E:/2. Softwares/Unity/2020.3.4f1/Editor/Data/MonoBleedingEdge/lib/mono/unityjit'
Mono config path = 'E:/2. Softwares/Unity/2020.3.4f1/Editor/Data/MonoBleedingEdge/etc'
Using monoOptions --debugger-agent=transport=dt_socket,embedding=1,server=y,suspend=n,address=127.0.0.1:56420
Begin MonoManager ReloadAssembly
Registering precompiled unity dll's ...
Register platform support module: E:/2. Softwares/Unity/2020.3.4f1/Editor/Data/PlaybackEngines/WebGLSupport/UnityEditor.WebGL.Extensions.dll
Register platform support module: E:/2. Softwares/Unity/2020.3.4f1/Editor/Data/PlaybackEngines/WindowsStandaloneSupport/UnityEditor.WindowsStandalone.Extensions.dll
Registered in 0.004098 seconds.
Native extension for WindowsStandalone target not found
Native extension for WebGL target not found
Refreshing native plugins compatible for Editor in 113.29 ms, found 20 plugins.
Preloading 2 native plugins for Editor in 0.23 ms.
Mono: successfully reloaded assembly
- Completed reload, in  2.510 seconds
Platform modules already initialized, skipping
Registering precompiled user dll's ...
Registered in 0.051677 seconds.
Begin MonoManager ReloadAssembly
Multiple scripted importers are targeting the extension 'glb' and have all been rejected: Microsoft.MixedReality.Toolkit.Utilities.Gltf.Serialization.Editor.GlbAssetImporter (assembly: E:\1. Projects\HYDAC\MR Assembly\HYDAC_MR\Library\ScriptAssemblies\Microsoft.MixedReality.Toolkit.Gltf.Importers.dll), Pixyz.ImportSDK.ScriptedImporter (assembly: E:\1. Projects\HYDAC\MR Assembly\HYDAC_MR\Library\ScriptAssemblies\Pixyz.PluginUnityEditor.Editor.dll) 
UnityEngine.StackTraceUtility:ExtractStackTrace ()
UnityEngine.DebugLogHandler:LogFormat (UnityEngine.LogType,UnityEngine.Object,string,object[])
UnityEngine.Logger:Log (UnityEngine.LogType,object)
UnityEngine.Debug:LogError (object)
UnityEditor.AssetImporters.ScriptedImporter:RegisterScriptedImporters ()

Multiple scripted importers are targeting the extension 'gltf' and have all been rejected: Microsoft.MixedReality.Toolkit.Utilities.Gltf.Serialization.Editor.GltfAssetImporter (assembly: E:\1. Projects\HYDAC\MR Assembly\HYDAC_MR\Library\ScriptAssemblies\Microsoft.MixedReality.Toolkit.Gltf.Importers.dll), Pixyz.ImportSDK.ScriptedImporter (assembly: E:\1. Projects\HYDAC\MR Assembly\HYDAC_MR\Library\ScriptAssemblies\Pixyz.PluginUnityEditor.Editor.dll) 
UnityEngine.StackTraceUtility:ExtractStackTrace ()
UnityEngine.DebugLogHandler:LogFormat (UnityEngine.LogType,UnityEngine.Object,string,object[])
UnityEngine.Logger:Log (UnityEngine.LogType,object)
UnityEngine.Debug:LogError (object)
UnityEditor.AssetImporters.ScriptedImporter:RegisterScriptedImporters ()

Native extension for WindowsStandalone target not found
Native extension for WebGL target not found
Refreshing native plugins compatible for Editor in 124.56 ms, found 20 plugins.
Preloading 2 native plugins for Editor in 0.33 ms.
[2021/04/28 14:54:26] 
[2021/04/28 14:54:26] executing command plugin4unity.checkLicense
[2021/04/28 14:54:26] 
[2021/04/28 14:54:26] executing command importsdk.checkLicense
                                                         Command execution time : 0.000 s
                                                         [2021/04/28 14:54:26] Command execution time : 0.000 s
The Pixyz Plugin for Unity requires a valid License.
Please install yours via the License Manager or visit www.pixyz-software.com to get one
UnityEngine.StackTraceUtility:ExtractStackTrace ()
UnityEngine.DebugLogHandler:LogFormat (UnityEngine.LogType,UnityEngine.Object,string,object[])
UnityEngine.Logger:Log (UnityEngine.LogType,object)
UnityEngine.Debug:LogWarning (object)
Pixyz.Plugin4Unity.Native.NativeInterface:.cctor () (at Assets/Plugins/PixyzPluginForUnity/Editor/Core/ManagedInterface.cs:26)
System.Runtime.CompilerServices.RuntimeHelpers:RunClassConstructor (System.RuntimeTypeHandle)
UnityEditor.EditorAssemblies:ProcessInitializeOnLoadAttributes (System.Type[])

(Filename: Assets/Plugins/PixyzPluginForUnity/Editor/Core/ManagedInterface.cs Line: 26)

[XR] OculusXRPlugin: registering subsystems
[XR] Unable to register display lifecyle provider: [1]
[XR] Oculus Input lifecycle provider registered.
[XR] Unable to register input lifecyle provider: [1]
[XR] OVRP version 1.59.0
[XR] Error loading subsystem: Display (1) (header mismatch?)
[XR] [XR Mesh Provider]: RegisterLifecycleProvider.
[XR] [XR Input Provider]: RegisterLifecycleProvider.
Mono: successfully reloaded assembly
- Completed reload, in  2.918 seconds
Platform modules already initialized, skipping
========================================================================
Worker process is ready to serve import requests
Shader 'Universal Render Pipeline/Particles/Lit': fallback shader 'Universal Render Pipeline/Particles/SimpleLit' not found
Shader 'Oculus/OVRMRCameraFrameLit': fallback shader 'Alpha-Diffuse' not found
Launched and connected shader compiler UnityShaderCompiler.exe after 0.11 seconds
Refreshing native plugins compatible for Editor in 1.87 ms, found 20 plugins.
Preloading 2 native plugins for Editor in 0.19 ms.
Unloading 5431 Unused Serialized files (Serialized files now loaded: 0)
System memory in use before: 240.6 MB.
System memory in use after: 240.0 MB.

Unloading 1074 unused Assets to reduce memory usage. Loaded Objects now: 5642.
Total: 4.074000 ms (FindLiveObjects: 0.544900 ms CreateObjectMapping: 0.353800 ms MarkObjects: 2.468200 ms  DeleteObjects: 0.706200 ms)

========================================================================
Received Import Request.
  path: Assets/HYDAC_EView/IMPORTS/WarehouseKit/Textures/Clean/tex_warehouselamp_MetallicSmoothness.tga
  artifactKey: Guid(fb56d340b18532a469ddadcc53a437b9) Importer(815301076,1909f56bfc062723c751e8b465ee728b)
Start importing Assets/HYDAC_EView/IMPORTS/WarehouseKit/Textures/Clean/tex_warehouselamp_MetallicSmoothness.tga using Guid(fb56d340b18532a469ddadcc53a437b9) Importer(815301076,1909f56bfc062723c751e8b465ee728b)  -> (artifact id: '2e24d0747aab7b9fc18588c45633d224') in 0.176716 seconds
  Import took 0.184233 seconds .

========================================================================
Received Import Request.
  Time since last request: 0.000173 seconds.
  path: Assets/HYDAC_EView/IMPORTS/WarehouseKit/Textures/Clean/tex_warehouselamp_Emission.tga
  artifactKey: Guid(6b543df575e81ad4f9f24943dc0757d7) Importer(815301076,1909f56bfc062723c751e8b465ee728b)
Start importing Assets/HYDAC_EView/IMPORTS/WarehouseKit/Textures/Clean/tex_warehouselamp_Emission.tga using Guid(6b543df575e81ad4f9f24943dc0757d7) Importer(815301076,1909f56bfc062723c751e8b465ee728b)  -> (artifact id: 'ccf5eb3af85a3f68aff905c61535de98') in 0.091009 seconds
  Import took 0.097486 seconds .

========================================================================
Received Import Request.
  Time since last request: 0.000168 seconds.
  path: Assets/HYDAC_EView/IMPORTS/WarehouseKit/Textures/Clean/tex_DoorWalls_Normal.tga
  artifactKey: Guid(b390b40e5f9933b4cbbcb5758a82cc54) Importer(815301076,1909f56bfc062723c751e8b465ee728b)
Start importing Assets/HYDAC_EView/IMPORTS/WarehouseKit/Textures/Clean/tex_DoorWalls_Normal.tga using Guid(b390b40e5f9933b4cbbcb5758a82cc54) Importer(815301076,1909f56bfc062723c751e8b465ee728b)  -> (artifact id: '0acabc5cce2653f6c5bd4564e3dfb6dc') in 0.043295 seconds
  Import took 0.050280 seconds .

========================================================================
Received Import Request.
  Time since last request: 0.000179 seconds.
  path: Assets/HYDAC_EView/IMPORTS/WarehouseKit/Textures/Aged/tex_ConcreteFloor-Albedo.tga
  artifactKey: Guid(e15e387dc82f050469969ef1cb9c41ce) Importer(815301076,1909f56bfc062723c751e8b465ee728b)
Start importing Assets/HYDAC_EView/IMPORTS/WarehouseKit/Textures/Aged/tex_ConcreteFloor-Albedo.tga using Guid(e15e387dc82f050469969ef1cb9c41ce) Importer(815301076,1909f56bfc062723c751e8b465ee728b)  -> (artifact id: '7904bb2bfc3a7c6ff0f5ee0988a6f026') in 0.048153 seconds
  Import took 0.055697 seconds .

========================================================================
Received Import Request.
  Time since last request: 0.000188 seconds.
  path: Assets/HYDAC_EView/IMPORTS/WarehouseKit/Textures/Clean/tex_ConcreteFloor-MetSmooth.tga
  artifactKey: Guid(989a6f1304528764c8ee9b5852e8b2d9) Importer(815301076,1909f56bfc062723c751e8b465ee728b)
Start importing Assets/HYDAC_EView/IMPORTS/WarehouseKit/Textures/Clean/tex_ConcreteFloor-MetSmooth.tga using Guid(989a6f1304528764c8ee9b5852e8b2d9) Importer(815301076,1909f56bfc062723c751e8b465ee728b)  -> (artifact id: '343c75b6ea0722c05e556e64c61ab3be') in 0.051638 seconds
  Import took 0.059735 seconds .

========================================================================
Received Import Request.
  Time since last request: 0.000163 seconds.
  path: Assets/HYDAC_EView/IMPORTS/Images/CoolerLabel_Caution.png
  artifactKey: Guid(446d17c1cb09192408771cc3c4160042) Importer(815301076,1909f56bfc062723c751e8b465ee728b)
Start importing Assets/HYDAC_EView/IMPORTS/Images/CoolerLabel_Caution.png using Guid(446d17c1cb09192408771cc3c4160042) Importer(815301076,1909f56bfc062723c751e8b465ee728b)  -> (artifact id: '075d826d32a6be326f3c506a08548eaa') in 0.027644 seconds
  Import took 0.034993 seconds .

========================================================================
Received Import Request.
  Time since last request: 0.000182 seconds.
  path: Assets/HYDAC_EView/IMPORTS/Images/CoolerLabel_Out.png
  artifactKey: Guid(4599e3c07d8ceb049a8dd00f4573d61c) Importer(815301076,1909f56bfc062723c751e8b465ee728b)
Start importing Assets/HYDAC_EView/IMPORTS/Images/CoolerLabel_Out.png using Guid(4599e3c07d8ceb049a8dd00f4573d61c) Importer(815301076,1909f56bfc062723c751e8b465ee728b)  -> (artifact id: 'ded61f1e5a16703e53548f9cd0e4a73b') in 0.020703 seconds
  Import took 0.028719 seconds .

========================================================================
Received Import Request.
  Time since last request: 0.000195 seconds.
  path: Assets/HYDAC_EView/IMPORTS/WarehouseKit/Textures/Clean/tex_supportbeam_Normal.tga
  artifactKey: Guid(5aed29386c19e4344980120a6518511d) Importer(815301076,1909f56bfc062723c751e8b465ee728b)
Start importing Assets/HYDAC_EView/IMPORTS/WarehouseKit/Textures/Clean/tex_supportbeam_Normal.tga using Guid(5aed29386c19e4344980120a6518511d) Importer(815301076,1909f56bfc062723c751e8b465ee728b)  -> (artifact id: '4b966aec3820362282d3a9f5102cdbc1') in 0.062514 seconds
  Import took 0.074679 seconds .

========================================================================
Received Import Request.
  Time since last request: 0.000337 seconds.
  path: Assets/HYDAC_EView/IMPORTS/Images/CoolerLabel_In.png
  artifactKey: Guid(2fd5fb582bbeffb44987e2194543e942) Importer(815301076,1909f56bfc062723c751e8b465ee728b)
Start importing Assets/HYDAC_EView/IMPORTS/Images/CoolerLabel_In.png using Guid(2fd5fb582bbeffb44987e2194543e942) Importer(815301076,1909f56bfc062723c751e8b465ee728b)  -> (artifact id: '4987aadb23289a54295fd4d296c622c4') in 0.032282 seconds
  Import took 0.044930 seconds .

========================================================================
Received Import Request.
  Time since last request: 0.000159 seconds.
  path: Assets/HYDAC_EView/IMPORTS/WarehouseKit/Textures/Clean/tex_mezzWall_MetallicSmoothness.tga
  artifactKey: Guid(70f21103e2727534fbcbd8da5ec3b4eb) Importer(815301076,1909f56bfc062723c751e8b465ee728b)
Start importing Assets/HYDAC_EView/IMPORTS/WarehouseKit/Textures/Clean/tex_mezzWall_MetallicSmoothness.tga using Guid(70f21103e2727534fbcbd8da5ec3b4eb) Importer(815301076,1909f56bfc062723c751e8b465ee728b)  -> (artifact id: '7c88b9f356fc92d3bb399c06fb83320e') in 0.051203 seconds
  Import took 0.058138 seconds .

========================================================================
Received Import Request.
  Time since last request: 0.000170 seconds.
  path: Assets/HYDAC_EView/IMPORTS/WarehouseKit/Textures/Clean/tex_BrownBrick-Normal.tga
  artifactKey: Guid(d59a0b36afe97f14ab85cc973ca0fbf6) Importer(815301076,1909f56bfc062723c751e8b465ee728b)
Start importing Assets/HYDAC_EView/IMPORTS/WarehouseKit/Textures/Clean/tex_BrownBrick-Normal.tga using Guid(d59a0b36afe97f14ab85cc973ca0fbf6) Importer(815301076,1909f56bfc062723c751e8b465ee728b)  -> (artifact id: 'f6983ae44a83152398e2caafb86dbc85') in 0.046734 seconds
  Import took 0.053429 seconds .

========================================================================
Received Import Request.
  Time since last request: 0.000172 seconds.
  path: Assets/HYDAC_EView/IMPORTS/WarehouseKit/Textures/Clean/tex_CeilWinEmission.tga
  artifactKey: Guid(b79bb4355034bb34b8d3b57b802de381) Importer(815301076,1909f56bfc062723c751e8b465ee728b)
Start importing Assets/HYDAC_EView/IMPORTS/WarehouseKit/Textures/Clean/tex_CeilWinEmission.tga using Guid(b79bb4355034bb34b8d3b57b802de381) Importer(815301076,1909f56bfc062723c751e8b465ee728b)  -> (artifact id: '5c5139df817036f887592357ad00dd9f') in 0.009704 seconds
  Import took 0.016715 seconds .

========================================================================
Received Import Request.
  Time since last request: 0.000175 seconds.
  path: Assets/HYDAC_EView/IMPORTS/WarehouseKit/Textures/Clean/tex_BrownBrick-Occlusion.tga
  artifactKey: Guid(fa6cfb076da23fa4c8745b282b8afdc0) Importer(815301076,1909f56bfc062723c751e8b465ee728b)
Start importing Assets/HYDAC_EView/IMPORTS/WarehouseKit/Textures/Clean/tex_BrownBrick-Occlusion.tga using Guid(fa6cfb076da23fa4c8745b282b8afdc0) Importer(815301076,1909f56bfc062723c751e8b465ee728b)  -> (artifact id: '43349a7682d0a6e78e554839e2706d3a') in 0.044026 seconds
  Import took 0.050482 seconds .

========================================================================
Received Import Request.
  Time since last request: 0.000167 seconds.
  path: Assets/HYDAC_EView/IMPORTS/WarehouseKit/Textures/Clean/tex_mezzWall_Normal.tga
  artifactKey: Guid(5cce663258b5d234f9d8a89a98d55781) Importer(815301076,1909f56bfc062723c751e8b465ee728b)
Start importing Assets/HYDAC_EView/IMPORTS/WarehouseKit/Textures/Clean/tex_mezzWall_Normal.tga using Guid(5cce663258b5d234f9d8a89a98d55781) Importer(815301076,1909f56bfc062723c751e8b465ee728b)  -> (artifact id: 'f3ce5670fd407172b5a28d2b739a7417') in 0.050606 seconds
  Import took 0.057217 seconds .

========================================================================
Received Import Request.
  Time since last request: 0.000215 seconds.
  path: Assets/HYDAC_EView/IMPORTS/WarehouseKit/Textures/Clean/tex_DoorWalls_MetallicSmoothness.tga
  artifactKey: Guid(4c683b49566825c44b540471a8bdeab4) Importer(815301076,1909f56bfc062723c751e8b465ee728b)
Start importing Assets/HYDAC_EView/IMPORTS/WarehouseKit/Textures/Clean/tex_DoorWalls_MetallicSmoothness.tga using Guid(4c683b49566825c44b540471a8bdeab4) Importer(815301076,1909f56bfc062723c751e8b465ee728b)  -> (artifact id: '351d79aa8f7eb5b6f8799d2deeca88bb') in 0.057534 seconds
  Import took 0.064367 seconds .

========================================================================
Received Import Request.
  Time since last request: 0.000175 seconds.
  path: Assets/HYDAC_EView/IMPORTS/WarehouseKit/Textures/Clean/tex_mezzWall_Albedo.tga
  artifactKey: Guid(a5c15eca44f6cea458858766ab7e3ee6) Importer(815301076,1909f56bfc062723c751e8b465ee728b)
Start importing Assets/HYDAC_EView/IMPORTS/WarehouseKit/Textures/Clean/tex_mezzWall_Albedo.tga using Guid(a5c15eca44f6cea458858766ab7e3ee6) Importer(815301076,1909f56bfc062723c751e8b465ee728b)  -> (artifact id: 'b2f9a3f06c75889a2fd2065d47d3da93') in 0.040590 seconds
  Import took 0.049122 seconds .

========================================================================
Received Import Request.
  Time since last request: 0.000165 seconds.
  path: Assets/HYDAC_EView/IMPORTS/WarehouseKit/Textures/Clean/tex_warehouselamp_AlbedoTransparency.tga
  artifactKey: Guid(50879ceea0de4e342855305c6fc8ee35) Importer(815301076,1909f56bfc062723c751e8b465ee728b)
Start importing Assets/HYDAC_EView/IMPORTS/WarehouseKit/Textures/Clean/tex_warehouselamp_AlbedoTransparency.tga using Guid(50879ceea0de4e342855305c6fc8ee35) Importer(815301076,1909f56bfc062723c751e8b465ee728b)  -> (artifact id: '8d59be2adf549e65fff778e979d80e6c') in 0.043424 seconds
  Import took 0.050012 seconds .

========================================================================
Received Import Request.
  Time since last request: 0.000160 seconds.
  path: Assets/HYDAC_EView/IMPORTS/WarehouseKit/Textures/Clean/tex_MezzanineAndStairs_MetallicSmoothness.tga
  artifactKey: Guid(83114bf4c80fe7c438cdccd7594ed522) Importer(815301076,1909f56bfc062723c751e8b465ee728b)
Start importing Assets/HYDAC_EView/IMPORTS/WarehouseKit/Textures/Clean/tex_MezzanineAndStairs_MetallicSmoothness.tga using Guid(83114bf4c80fe7c438cdccd7594ed522) Importer(815301076,1909f56bfc062723c751e8b465ee728b)  -> (artifact id: '24c2c121dae019f77be91cb15828a72b') in 0.050544 seconds
  Import took 0.057620 seconds .

========================================================================
Received Import Request.
  Time since last request: 0.000179 seconds.
  path: Assets/HYDAC_EView/IMPORTS/WarehouseKit/Textures/Clean/tex_MezzanineAndStairs_AlbedoTransparency.tga
  artifactKey: Guid(bd50a85de085ef84f928cfa39c0a3241) Importer(815301076,1909f56bfc062723c751e8b465ee728b)
Start importing Assets/HYDAC_EView/IMPORTS/WarehouseKit/Textures/Clean/tex_MezzanineAndStairs_AlbedoTransparency.tga using Guid(bd50a85de085ef84f928cfa39c0a3241) Importer(815301076,1909f56bfc062723c751e8b465ee728b)  -> (artifact id: 'db1215a8542b4b7b616e5b7368411557') in 0.041198 seconds
  Import took 0.048904 seconds .

========================================================================
Received Import Request.
  Time since last request: 0.000168 seconds.
  path: Assets/HYDAC_EView/IMPORTS/WarehouseKit/Textures/Clean/tex_ConcreteFloor-Normal.tga
  artifactKey: Guid(5f46291481536b44fbdf19003d45ab4b) Importer(815301076,1909f56bfc062723c751e8b465ee728b)
Start importing Assets/HYDAC_EView/IMPORTS/WarehouseKit/Textures/Clean/tex_ConcreteFloor-Normal.tga using Guid(5f46291481536b44fbdf19003d45ab4b) Importer(815301076,1909f56bfc062723c751e8b465ee728b)  -> (artifact id: '6ec8bc5ed3909bcd6a65c94f3efc33ad') in 0.042444 seconds
  Import took 0.049607 seconds .

========================================================================
Received Import Request.
  Time since last request: 0.000167 seconds.
  path: Assets/HYDAC_EView/IMPORTS/WarehouseKit/Textures/Clean/tex_supportbeam_MetallicSmoothness.tga
  artifactKey: Guid(6eeff81e46410954a8be2b44a8ce4a59) Importer(815301076,1909f56bfc062723c751e8b465ee728b)
Start importing Assets/HYDAC_EView/IMPORTS/WarehouseKit/Textures/Clean/tex_supportbeam_MetallicSmoothness.tga using Guid(6eeff81e46410954a8be2b44a8ce4a59) Importer(815301076,1909f56bfc062723c751e8b465ee728b)  -> (artifact id: '16a2993d9e7ae89f2f07980cae2dfbfb') in 0.055438 seconds
  Import took 0.062391 seconds .

========================================================================
Received Import Request.
  Time since last request: 0.000159 seconds.
  path: Assets/HYDAC_EView/IMPORTS/WarehouseKit/Textures/Clean/tex_CorrugatedMetal-Normal.tga
  artifactKey: Guid(31ea2719faf6b594faa88a8e4f7e0c77) Importer(815301076,1909f56bfc062723c751e8b465ee728b)
Start importing Assets/HYDAC_EView/IMPORTS/WarehouseKit/Textures/Clean/tex_CorrugatedMetal-Normal.tga using Guid(31ea2719faf6b594faa88a8e4f7e0c77) Importer(815301076,1909f56bfc062723c751e8b465ee728b)  -> (artifact id: '22cb11d710af899e74eef723b33bb635') in 0.042097 seconds
  Import took 0.048982 seconds .

========================================================================
Received Import Request.
  Time since last request: 0.000171 seconds.
  path: Assets/HYDAC_EView/IMPORTS/WarehouseKit/Textures/Clean/tex_DoorWalls_Albedo.tga
  artifactKey: Guid(5f668df4ddd4f5a43b7fb4a991ee06d0) Importer(815301076,1909f56bfc062723c751e8b465ee728b)
Start importing Assets/HYDAC_EView/IMPORTS/WarehouseKit/Textures/Clean/tex_DoorWalls_Albedo.tga using Guid(5f668df4ddd4f5a43b7fb4a991ee06d0) Importer(815301076,1909f56bfc062723c751e8b465ee728b)  -> (artifact id: '2a057d8ba8bbe246c8ccd8af2d7036b8') in 0.040432 seconds
  Import took 0.046600 seconds .

========================================================================
Received Import Request.
  Time since last request: 0.000161 seconds.
  path: Assets/HYDAC_EView/IMPORTS/WarehouseKit/Textures/Clean/tex_warehouselamp_Normal.tga
  artifactKey: Guid(63bc609c37574734aa2a29e7b5af349d) Importer(815301076,1909f56bfc062723c751e8b465ee728b)
Start importing Assets/HYDAC_EView/IMPORTS/WarehouseKit/Textures/Clean/tex_warehouselamp_Normal.tga using Guid(63bc609c37574734aa2a29e7b5af349d) Importer(815301076,1909f56bfc062723c751e8b465ee728b)  -> (artifact id: '1c0050f77eb6a4e43f9e495a9cf502b1') in 0.043747 seconds
  Import took 0.050044 seconds .

========================================================================
Received Import Request.
  Time since last request: 0.000164 seconds.
  path: Assets/HYDAC_EView/IMPORTS/WarehouseKit/Textures/Clean/tex_CorrugatedMetal-Albedo.tga
  artifactKey: Guid(0ca0a6284392047419406dd938897879) Importer(815301076,1909f56bfc062723c751e8b465ee728b)
Start importing Assets/HYDAC_EView/IMPORTS/WarehouseKit/Textures/Clean/tex_CorrugatedMetal-Albedo.tga using Guid(0ca0a6284392047419406dd938897879) Importer(815301076,1909f56bfc062723c751e8b465ee728b)  -> (artifact id: 'cf0e123197e36664ff2ecacbfd84a464') in 0.040194 seconds
  Import took 0.046459 seconds .

========================================================================
Received Import Request.
  Time since last request: 0.000174 seconds.
  path: Assets/HYDAC_EView/IMPORTS/WarehouseKit/Textures/Clean/tex_MezzanineAndStairs_Normal.tga
  artifactKey: Guid(ecda0e4fe504c734fac67ffad5b38d77) Importer(815301076,1909f56bfc062723c751e8b465ee728b)
Start importing Assets/HYDAC_EView/IMPORTS/WarehouseKit/Textures/Clean/tex_MezzanineAndStairs_Normal.tga using Guid(ecda0e4fe504c734fac67ffad5b38d77) Importer(815301076,1909f56bfc062723c751e8b465ee728b)  -> (artifact id: 'a629f72abb649f49c8e933b64b5664a1') in 0.043176 seconds
  Import took 0.049697 seconds .

========================================================================
Received Import Request.
  Time since last request: 0.000207 seconds.
  path: Assets/Oculus/SampleFramework/Usage/OVROverlay/Textures/OverlayRT.renderTexture
  artifactKey: Guid(d1932f239866af3468dfdd2af678a179) Importer(815301076,1909f56bfc062723c751e8b465ee728b)
Start importing Assets/Oculus/SampleFramework/Usage/OVROverlay/Textures/OverlayRT.renderTexture using Guid(d1932f239866af3468dfdd2af678a179) Importer(815301076,1909f56bfc062723c751e8b465ee728b)  -> (artifact id: 'cb279fc4fdef6e56c730a3622e1a7415') in 0.022172 seconds
  Import took 0.028875 seconds .

========================================================================
Received Import Request.
  Time since last request: 0.000190 seconds.
  path: Assets/HYDAC_EView/IMPORTS/WarehouseKit/Textures/Clean/tex_supportbeam_Albedo.tga
  artifactKey: Guid(7a6555be9c9ddda429ec879dac151500) Importer(815301076,1909f56bfc062723c751e8b465ee728b)
Start importing Assets/HYDAC_EView/IMPORTS/WarehouseKit/Textures/Clean/tex_supportbeam_Albedo.tga using Guid(7a6555be9c9ddda429ec879dac151500) Importer(815301076,1909f56bfc062723c751e8b465ee728b)  -> (artifact id: 'c9a192774abc03a89caca36a715699d8') in 0.041836 seconds
  Import took 0.048379 seconds .

========================================================================
Received Import Request.
  Time since last request: 0.000167 seconds.
  path: Assets/HYDAC_EView/IMPORTS/WarehouseKit/Textures/Clean/tex_CorrugatedMetal-MetSmooth.tga
  artifactKey: Guid(82cba58357abc8141a9d81e30b43d989) Importer(815301076,1909f56bfc062723c751e8b465ee728b)
Start importing Assets/HYDAC_EView/IMPORTS/WarehouseKit/Textures/Clean/tex_CorrugatedMetal-MetSmooth.tga using Guid(82cba58357abc8141a9d81e30b43d989) Importer(815301076,1909f56bfc062723c751e8b465ee728b)  -> (artifact id: '18acda931b09f9d536cdcbad06c14991') in 0.048426 seconds
  Import took 0.054991 seconds .

========================================================================
Received Import Request.
  Time since last request: 0.000169 seconds.
  path: Assets/HYDAC_EView/IMPORTS/WarehouseKit/Textures/Clean/tex_ConcreteFloor-Albedo.tga
  artifactKey: Guid(eabb9ec4d01b2c84283759422f18f319) Importer(815301076,1909f56bfc062723c751e8b465ee728b)
Start importing Assets/HYDAC_EView/IMPORTS/WarehouseKit/Textures/Clean/tex_ConcreteFloor-Albedo.tga using Guid(eabb9ec4d01b2c84283759422f18f319) Importer(815301076,1909f56bfc062723c751e8b465ee728b)  -> (artifact id: '7d921bbaff8b13d78c6ef66787f6beef') in 0.040758 seconds
  Import took 0.048760 seconds .

========================================================================
Received Import Request.
  Time since last request: 0.000166 seconds.
  path: Assets/HYDAC_EView/IMPORTS/WarehouseKit/Textures/Clean/tex_BrownBrick-Albedo.jpg
  artifactKey: Guid(7a1780701d12cd641960983950788b59) Importer(815301076,1909f56bfc062723c751e8b465ee728b)
Start importing Assets/HYDAC_EView/IMPORTS/WarehouseKit/Textures/Clean/tex_BrownBrick-Albedo.jpg using Guid(7a1780701d12cd641960983950788b59) Importer(815301076,1909f56bfc062723c751e8b465ee728b)  -> (artifact id: 'b6e83f55e154f5634aa5ae5e40072c94') in 0.049791 seconds
  Import took 0.057137 seconds .

========================================================================
Received Import Request.
  Time since last request: 0.000473 seconds.
  path: Assets/HYDAC_EView/IMPORTS/WarehouseKit/Textures/Clean/tex_ConcreteFloor-Occlusion.tga
  artifactKey: Guid(e952bc8e2bca34248b76239f63587f2a) Importer(815301076,1909f56bfc062723c751e8b465ee728b)
Start importing Assets/HYDAC_EView/IMPORTS/WarehouseKit/Textures/Clean/tex_ConcreteFloor-Occlusion.tga using Guid(e952bc8e2bca34248b76239f63587f2a) Importer(815301076,1909f56bfc062723c751e8b465ee728b)  -> (artifact id: 'ee0c21451c9662070d7126ba540f66b0') in 0.065116 seconds
  Import took 0.077923 seconds .

========================================================================
Received Import Request.
  Time since last request: 0.000169 seconds.
  path: Assets/HYDAC_EView/IMPORTS/WarehouseKit/Textures/Clean/tex_ConcreteFloor-Albedo.tga
  artifactKey: Guid(eabb9ec4d01b2c84283759422f18f319) Importer(815301076,1909f56bfc062723c751e8b465ee728b)
Start importing Assets/HYDAC_EView/IMPORTS/WarehouseKit/Textures/Clean/tex_ConcreteFloor-Albedo.tga using Guid(eabb9ec4d01b2c84283759422f18f319) Importer(815301076,1909f56bfc062723c751e8b465ee728b)  -> (artifact id: '7d921bbaff8b13d78c6ef66787f6beef') in 0.040699 seconds
  Import took 0.047710 seconds .

========================================================================
Received Import Request.
  Time since last request: 0.000173 seconds.
  path: Assets/HYDAC_EView/IMPORTS/WarehouseKit/Textures/Clean/tex_ConcreteFloor-Occlusion.tga
  artifactKey: Guid(e952bc8e2bca34248b76239f63587f2a) Importer(815301076,1909f56bfc062723c751e8b465ee728b)
Start importing Assets/HYDAC_EView/IMPORTS/WarehouseKit/Textures/Clean/tex_ConcreteFloor-Occlusion.tga using Guid(e952bc8e2bca34248b76239f63587f2a) Importer(815301076,1909f56bfc062723c751e8b465ee728b)  -> (artifact id: 'ee0c21451c9662070d7126ba540f66b0') in 0.033948 seconds
  Import took 0.041030 seconds .

========================================================================
Received Import Request.
  Time since last request: 0.000173 seconds.
  path: Assets/HYDAC_EView/IMPORTS/WarehouseKit/Textures/Clean/tex_PlywoodFloor.psd
  artifactKey: Guid(1d9759bfe6bf99a4ea177adf63b4e885) Importer(815301076,1909f56bfc062723c751e8b465ee728b)
Start importing Assets/HYDAC_EView/IMPORTS/WarehouseKit/Textures/Clean/tex_PlywoodFloor.psd using Guid(1d9759bfe6bf99a4ea177adf63b4e885) Importer(815301076,1909f56bfc062723c751e8b465ee728b)  -> (artifact id: 'bc31b6f9f88e72bcc21a90c021e0e1a4') in 0.043461 seconds
  Import took 0.050205 seconds .

========================================================================
Received Import Request.
  Time since last request: 0.000183 seconds.
  path: Assets/HYDAC_EView/IMPORTS/WarehouseKit/Textures/Clean/tex_PaintMetal-Normal.tga
  artifactKey: Guid(2fb73e283e90c8d4b9775be6947aadd6) Importer(815301076,1909f56bfc062723c751e8b465ee728b)
Start importing Assets/HYDAC_EView/IMPORTS/WarehouseKit/Textures/Clean/tex_PaintMetal-Normal.tga using Guid(2fb73e283e90c8d4b9775be6947aadd6) Importer(815301076,1909f56bfc062723c751e8b465ee728b)  -> (artifact id: '039f2fdca505e836bf75da9649c713bc') in 0.048065 seconds
  Import took 0.054915 seconds .

========================================================================
Received Import Request.
  Time since last request: 0.000188 seconds.
  path: Assets/HYDAC_EView/IMPORTS/WarehouseKit/Textures/Clean/tex_supportbeam_Occlusion.tga
  artifactKey: Guid(2416f525a855d4b4990d3c211054a80b) Importer(815301076,1909f56bfc062723c751e8b465ee728b)
Start importing Assets/HYDAC_EView/IMPORTS/WarehouseKit/Textures/Clean/tex_supportbeam_Occlusion.tga using Guid(2416f525a855d4b4990d3c211054a80b) Importer(815301076,1909f56bfc062723c751e8b465ee728b)  -> (artifact id: '0a37e03c40212ba5e05dbbd4da4bdacf') in 0.043407 seconds
  Import took 0.049944 seconds .

========================================================================
Received Import Request.
  Time since last request: 2688.689308 seconds.
  path: Assets/HYDAC_EView/IMPORTS/Images/CoolerLabel_Caution.png
  artifactKey: Guid(446d17c1cb09192408771cc3c4160042) Importer(815301076,1909f56bfc062723c751e8b465ee728b)
Start importing Assets/HYDAC_EView/IMPORTS/Images/CoolerLabel_Caution.png using Guid(446d17c1cb09192408771cc3c4160042) Importer(815301076,1909f56bfc062723c751e8b465ee728b)  -> (artifact id: '17b49dd0083c9d6b44b7f227b5ff6769') in 0.035974 seconds
  Import took 0.043913 seconds .

========================================================================
Received Import Request.
  Time since last request: 28.204938 seconds.
  path: Assets/HYDAC_EView/IMPORTS/Images/CoolerLabel_In.png
  artifactKey: Guid(2fd5fb582bbeffb44987e2194543e942) Importer(815301076,1909f56bfc062723c751e8b465ee728b)
Start importing Assets/HYDAC_EView/IMPORTS/Images/CoolerLabel_In.png using Guid(2fd5fb582bbeffb44987e2194543e942) Importer(815301076,1909f56bfc062723c751e8b465ee728b)  -> (artifact id: '7a14927e105823e9705a802bb52b8182') in 0.022270 seconds
  Import took 0.029179 seconds .

========================================================================
Received Import Request.
  Time since last request: 0.000176 seconds.
  path: Assets/HYDAC_EView/IMPORTS/Images/CoolerLabel_Out.png
  artifactKey: Guid(4599e3c07d8ceb049a8dd00f4573d61c) Importer(815301076,1909f56bfc062723c751e8b465ee728b)
Start importing Assets/HYDAC_EView/IMPORTS/Images/CoolerLabel_Out.png using Guid(4599e3c07d8ceb049a8dd00f4573d61c) Importer(815301076,1909f56bfc062723c751e8b465ee728b)  -> (artifact id: 'e9f20f6fdf8a20df51e455a34a037687') in 0.025533 seconds
  Import took 0.032262 seconds .

========================================================================
Received Import Request.
  Time since last request: 904.244498 seconds.
  path: Assets/Resources/MachinePartInfos/1_INFO_Finger Guard.asset
  artifactKey: Guid(d4675be9ebb91d04a8231e7a66b97aaf) Importer(815301076,1909f56bfc062723c751e8b465ee728b)
Start importing Assets/Resources/MachinePartInfos/1_INFO_Finger Guard.asset using Guid(d4675be9ebb91d04a8231e7a66b97aaf) Importer(815301076,1909f56bfc062723c751e8b465ee728b)  -> (artifact id: '798c47e4862bd942bc51045b60ebe59e') in 0.008416 seconds
  Import took 0.016424 seconds .

========================================================================
Received Import Request.
  Time since last request: 71.696974 seconds.
  path: Assets/HYDAC_EView/Prefabs/Simple Line ToolTip.prefab
  artifactKey: Guid(c7fcb99ba3793bb4fb825982a638532e) Importer(815301076,1909f56bfc062723c751e8b465ee728b)
Start importing Assets/HYDAC_EView/Prefabs/Simple Line ToolTip.prefab using Guid(c7fcb99ba3793bb4fb825982a638532e) Importer(815301076,1909f56bfc062723c751e8b465ee728b)  -> (artifact id: '4bc804e83906ce773ba1f87b6d92b600') in 0.263238 seconds
  Import took 0.277323 seconds .

========================================================================
Received Import Request.
  Time since last request: 15.218989 seconds.
  path: Assets/HYDAC_EView/Prefabs/P_UI_SimpleLineToolTip.prefab
  artifactKey: Guid(c7fcb99ba3793bb4fb825982a638532e) Importer(815301076,1909f56bfc062723c751e8b465ee728b)
Start importing Assets/HYDAC_EView/Prefabs/P_UI_SimpleLineToolTip.prefab using Guid(c7fcb99ba3793bb4fb825982a638532e) Importer(815301076,1909f56bfc062723c751e8b465ee728b)  -> (artifact id: '8bba9aa906b6357ffefd4b2902f5277d') in 0.022150 seconds
  Import took 0.030620 seconds .

========================================================================
Received Import Request.
  Time since last request: 2040.066144 seconds.
  path: Assets/HYDAC_EView/Prefabs/ToggleFeaturesPanel.prefab
  artifactKey: Guid(2e3c9bc1ebfe5fc42946200140859f81) Importer(815301076,1909f56bfc062723c751e8b465ee728b)
Start importing Assets/HYDAC_EView/Prefabs/ToggleFeaturesPanel.prefab using Guid(2e3c9bc1ebfe5fc42946200140859f81) Importer(815301076,1909f56bfc062723c751e8b465ee728b)  -> (artifact id: '8401d0119bcb92a2c367bcf52052cf51') in 0.225796 seconds
  Import took 0.235544 seconds .

AssetImportWorkerClient::OnTransportError - code=2 error=End of file
